17 Nov 2021 - 15:51:23.584 [main] INFO  io.javalin.Javalin - 
       __                      __ _            __ __
      / /____ _ _   __ ____ _ / /(_)____      / // /
 __  / // __ `/| | / // __ `// // // __ \    / // /_
/ /_/ // /_/ / | |/ // /_/ // // // / / /   /__  __/
\____/ \__,_/  |___/ \__,_//_//_//_/ /_/      /_/

          https://javalin.io/documentation

17 Nov 2021 - 15:51:23.601 [main] INFO  org.eclipse.jetty.util.log - Logging initialized @702ms to org.eclipse.jetty.util.log.Slf4jLog
17 Nov 2021 - 15:51:23.602 [main] INFO  io.javalin.Javalin - Starting Javalin ...
17 Nov 2021 - 15:51:23.634 [main] INFO  io.javalin.Javalin - You are running Javalin 4.1.1 (released October 10, 2021).
17 Nov 2021 - 15:51:23.634 [main] INFO  io.javalin.Javalin - No port specified, starting on port 8080. Call start(port) to change ports.
17 Nov 2021 - 15:51:23.870 [main] ERROR io.javalin.Javalin - Failed to start Javalin
17 Nov 2021 - 15:51:23.870 [main] INFO  io.javalin.Javalin - Stopping Javalin ...
17 Nov 2021 - 15:51:23.915 [main] INFO  io.javalin.Javalin - Javalin has stopped
17 Nov 2021 - 15:51:31.095 [main] INFO  io.javalin.Javalin - 
       __                      __ _            __ __
      / /____ _ _   __ ____ _ / /(_)____      / // /
 __  / // __ `/| | / // __ `// // // __ \    / // /_
/ /_/ // /_/ / | |/ // /_/ // // // / / /   /__  __/
\____/ \__,_/  |___/ \__,_//_//_//_/ /_/      /_/

          https://javalin.io/documentation

17 Nov 2021 - 15:51:31.110 [main] INFO  org.eclipse.jetty.util.log - Logging initialized @590ms to org.eclipse.jetty.util.log.Slf4jLog
17 Nov 2021 - 15:51:31.111 [main] INFO  io.javalin.Javalin - Starting Javalin ...
17 Nov 2021 - 15:51:31.139 [main] INFO  io.javalin.Javalin - You are running Javalin 4.1.1 (released October 10, 2021).
17 Nov 2021 - 15:51:31.140 [main] INFO  io.javalin.Javalin - No port specified, starting on port 8080. Call start(port) to change ports.
17 Nov 2021 - 15:51:31.375 [main] INFO  io.javalin.Javalin - Listening on http://localhost:8080/
17 Nov 2021 - 15:51:31.376 [main] INFO  io.javalin.Javalin - Javalin started in 266ms \o/
17 Nov 2021 - 16:05:53.439 [main] INFO  io.javalin.Javalin - 
       __                      __ _            __ __
      / /____ _ _   __ ____ _ / /(_)____      / // /
 __  / // __ `/| | / // __ `// // // __ \    / // /_
/ /_/ // /_/ / | |/ // /_/ // // // / / /   /__  __/
\____/ \__,_/  |___/ \__,_//_//_//_/ /_/      /_/

          https://javalin.io/documentation

17 Nov 2021 - 16:05:53.457 [main] INFO  org.eclipse.jetty.util.log - Logging initialized @764ms to org.eclipse.jetty.util.log.Slf4jLog
17 Nov 2021 - 16:05:53.459 [main] INFO  io.javalin.Javalin - Starting Javalin ...
17 Nov 2021 - 16:05:53.489 [main] INFO  io.javalin.Javalin - You are running Javalin 4.1.1 (released October 10, 2021).
17 Nov 2021 - 16:05:53.489 [main] INFO  io.javalin.Javalin - No port specified, starting on port 8080. Call start(port) to change ports.
17 Nov 2021 - 16:05:53.781 [main] INFO  io.javalin.Javalin - Listening on http://localhost:8080/
17 Nov 2021 - 16:05:53.782 [main] INFO  io.javalin.Javalin - Javalin started in 324ms \o/
17 Nov 2021 - 16:06:38.405 [qtp188576144-17] INFO  com.revature.app.Application - GET request received to the /clientsendpoint
17 Nov 2021 - 16:06:38.406 [qtp188576144-17] INFO  com.revature.service.ClientService - getAllClients() invoked
17 Nov 2021 - 16:07:12.706 [qtp188576144-25] INFO  com.revature.app.Application - POST request received to the /clientsendpoint
17 Nov 2021 - 16:07:24.985 [qtp188576144-11] INFO  com.revature.app.Application - GET request received to the /clients/17endpoint
17 Nov 2021 - 16:07:32.601 [qtp188576144-24] INFO  com.revature.app.Application - DELETE request received to the /clients/17endpoint
17 Nov 2021 - 16:07:55.594 [qtp188576144-13] INFO  com.revature.app.Application - PUT request received to the /clients/8endpoint
17 Nov 2021 - 16:08:04.792 [qtp188576144-24] INFO  com.revature.app.Application - GET request received to the /clientsendpoint
17 Nov 2021 - 16:08:04.792 [qtp188576144-24] INFO  com.revature.service.ClientService - getAllClients() invoked
17 Nov 2021 - 16:08:27.079 [qtp188576144-13] INFO  com.revature.app.Application - POST request received to the /clients/4/accountsendpoint
17 Nov 2021 - 16:10:29.517 [qtp188576144-27] INFO  com.revature.app.Application - POST request received to the /clients/4/accountsendpoint
17 Nov 2021 - 16:10:29.591 [qtp188576144-27] WARN  io.javalin.Javalin - Uncaught exception
org.postgresql.util.PSQLException: No value specified for parameter 1.
	at org.postgresql.core.v3.SimpleParameterList.checkAllParametersSet(SimpleParameterList.java:284)
	at org.postgresql.core.v3.QueryExecutorImpl.execute(QueryExecutorImpl.java:338)
	at org.postgresql.jdbc.PgStatement.executeInternal(PgStatement.java:484)
	at org.postgresql.jdbc.PgStatement.execute(PgStatement.java:404)
	at org.postgresql.jdbc.PgPreparedStatement.executeWithFlags(PgPreparedStatement.java:162)
	at org.postgresql.jdbc.PgPreparedStatement.executeUpdate(PgPreparedStatement.java:130)
	at com.revature.dao.AccountDAO.addAccount(AccountDAO.java:101)
	at com.revature.service.AccountService.addAccount(AccountService.java:79)
	at com.revature.controller.AccountController.lambda$1(AccountController.java:46)
	at io.javalin.core.security.SecurityUtil.noopAccessManager(SecurityUtil.kt:20)
	at io.javalin.http.JavalinServlet.addHandler$lambda-5(JavalinServlet.kt:113)
	at io.javalin.http.JavalinServlet$service$tryBeforeAndEndpointHandlers$1.invoke(JavalinServlet.kt:44)
	at io.javalin.http.JavalinServlet$service$tryBeforeAndEndpointHandlers$1.invoke(JavalinServlet.kt:39)
	at io.javalin.http.JavalinServlet.service$tryWithExceptionMapper(JavalinServlet.kt:129)
	at io.javalin.http.JavalinServlet.service$tryBeforeAndEndpointHandlers(JavalinServlet.kt:39)
	at io.javalin.http.JavalinServlet.service(JavalinServlet.kt:87)
	at javax.servlet.http.HttpServlet.service(HttpServlet.java:790)
	at io.javalin.jetty.JavalinJettyServlet.service(JavalinJettyServlet.kt:58)
	at javax.servlet.http.HttpServlet.service(HttpServlet.java:790)
	at org.eclipse.jetty.servlet.ServletHolder.handle(ServletHolder.java:799)
	at org.eclipse.jetty.servlet.ServletHandler.doHandle(ServletHandler.java:550)
	at org.eclipse.jetty.server.handler.ScopedHandler.nextHandle(ScopedHandler.java:233)
	at org.eclipse.jetty.server.session.SessionHandler.doHandle(SessionHandler.java:1624)
	at org.eclipse.jetty.server.handler.ScopedHandler.nextHandle(ScopedHandler.java:233)
	at io.javalin.jetty.JettyServer$start$wsAndHttpHandler$1.doHandle(JettyServer.kt:52)
	at org.eclipse.jetty.server.handler.ScopedHandler.nextScope(ScopedHandler.java:188)
	at org.eclipse.jetty.servlet.ServletHandler.doScope(ServletHandler.java:501)
	at org.eclipse.jetty.server.session.SessionHandler.doScope(SessionHandler.java:1594)
	at org.eclipse.jetty.server.handler.ScopedHandler.nextScope(ScopedHandler.java:186)
	at org.eclipse.jetty.server.handler.ContextHandler.doScope(ContextHandler.java:1349)
	at org.eclipse.jetty.server.handler.ScopedHandler.handle(ScopedHandler.java:141)
	at org.eclipse.jetty.server.handler.StatisticsHandler.handle(StatisticsHandler.java:179)
	at org.eclipse.jetty.server.handler.HandlerWrapper.handle(HandlerWrapper.java:127)
	at org.eclipse.jetty.server.Server.handle(Server.java:516)
	at org.eclipse.jetty.server.HttpChannel.lambda$handle$1(HttpChannel.java:400)
	at org.eclipse.jetty.server.HttpChannel.dispatch(HttpChannel.java:645)
	at org.eclipse.jetty.server.HttpChannel.handle(HttpChannel.java:392)
	at org.eclipse.jetty.server.HttpConnection.onFillable(HttpConnection.java:277)
	at org.eclipse.jetty.io.AbstractConnection$ReadCallback.succeeded(AbstractConnection.java:311)
	at org.eclipse.jetty.io.FillInterest.fillable(FillInterest.java:105)
	at org.eclipse.jetty.io.ChannelEndPoint$1.run(ChannelEndPoint.java:104)
	at org.eclipse.jetty.util.thread.QueuedThreadPool.runJob(QueuedThreadPool.java:883)
	at org.eclipse.jetty.util.thread.QueuedThreadPool$Runner.run(QueuedThreadPool.java:1034)
	at java.lang.Thread.run(Thread.java:748)
17 Nov 2021 - 16:11:49.745 [main] INFO  io.javalin.Javalin - 
       __                      __ _            __ __
      / /____ _ _   __ ____ _ / /(_)____      / // /
 __  / // __ `/| | / // __ `// // // __ \    / // /_
/ /_/ // /_/ / | |/ // /_/ // // // / / /   /__  __/
\____/ \__,_/  |___/ \__,_//_//_//_/ /_/      /_/

          https://javalin.io/documentation

17 Nov 2021 - 16:11:49.767 [main] INFO  org.eclipse.jetty.util.log - Logging initialized @795ms to org.eclipse.jetty.util.log.Slf4jLog
17 Nov 2021 - 16:11:49.769 [main] INFO  io.javalin.Javalin - Starting Javalin ...
17 Nov 2021 - 16:11:49.806 [main] INFO  io.javalin.Javalin - You are running Javalin 4.1.1 (released October 10, 2021).
17 Nov 2021 - 16:11:49.807 [main] INFO  io.javalin.Javalin - No port specified, starting on port 8080. Call start(port) to change ports.
17 Nov 2021 - 16:11:50.128 [main] INFO  io.javalin.Javalin - Listening on http://localhost:8080/
17 Nov 2021 - 16:11:50.129 [main] INFO  io.javalin.Javalin - Javalin started in 361ms \o/
17 Nov 2021 - 16:12:06.506 [qtp188576144-17] INFO  com.revature.app.Application - POST request received to the /clients/4/accountsendpoint
17 Nov 2021 - 16:14:13.059 [main] INFO  com.revature.service.ClientService - getAllClients() invoked
17 Nov 2021 - 16:14:13.080 [main] INFO  com.revature.service.ClientService - getAllClients() invoked
17 Nov 2021 - 17:38:54.474 [main] INFO  com.revature.service.ClientService - getAllClients() invoked
17 Nov 2021 - 17:38:54.493 [main] INFO  com.revature.service.ClientService - getAllClients() invoked
17 Nov 2021 - 17:39:02.790 [main] INFO  com.revature.service.ClientService - getAllClients() invoked
17 Nov 2021 - 17:39:02.809 [main] INFO  com.revature.service.ClientService - getAllClients() invoked
17 Nov 2021 - 17:41:26.243 [main] INFO  io.javalin.Javalin - 
       __                      __ _            __ __
      / /____ _ _   __ ____ _ / /(_)____      / // /
 __  / // __ `/| | / // __ `// // // __ \    / // /_
/ /_/ // /_/ / | |/ // /_/ // // // / / /   /__  __/
\____/ \__,_/  |___/ \__,_//_//_//_/ /_/      /_/

          https://javalin.io/documentation

17 Nov 2021 - 17:41:26.259 [main] INFO  org.eclipse.jetty.util.log - Logging initialized @662ms to org.eclipse.jetty.util.log.Slf4jLog
17 Nov 2021 - 17:41:26.260 [main] INFO  io.javalin.Javalin - Starting Javalin ...
17 Nov 2021 - 17:41:26.321 [main] INFO  io.javalin.Javalin - You are running Javalin 4.1.1 (released October 10, 2021).
17 Nov 2021 - 17:41:26.322 [main] INFO  io.javalin.Javalin - No port specified, starting on port 8080. Call start(port) to change ports.
17 Nov 2021 - 17:41:26.577 [main] ERROR io.javalin.Javalin - Failed to start Javalin
17 Nov 2021 - 17:41:26.578 [main] INFO  io.javalin.Javalin - Stopping Javalin ...
17 Nov 2021 - 17:41:26.585 [main] INFO  io.javalin.Javalin - Javalin has stopped
17 Nov 2021 - 17:41:30.538 [main] INFO  io.javalin.Javalin - 
       __                      __ _            __ __
      / /____ _ _   __ ____ _ / /(_)____      / // /
 __  / // __ `/| | / // __ `// // // __ \    / // /_
/ /_/ // /_/ / | |/ // /_/ // // // / / /   /__  __/
\____/ \__,_/  |___/ \__,_//_//_//_/ /_/      /_/

          https://javalin.io/documentation

17 Nov 2021 - 17:41:30.553 [main] INFO  org.eclipse.jetty.util.log - Logging initialized @559ms to org.eclipse.jetty.util.log.Slf4jLog
17 Nov 2021 - 17:41:30.553 [main] INFO  io.javalin.Javalin - Starting Javalin ...
17 Nov 2021 - 17:41:30.579 [main] INFO  io.javalin.Javalin - You are running Javalin 4.1.1 (released October 10, 2021).
17 Nov 2021 - 17:41:30.580 [main] INFO  io.javalin.Javalin - No port specified, starting on port 8080. Call start(port) to change ports.
17 Nov 2021 - 17:41:30.799 [main] INFO  io.javalin.Javalin - Listening on http://localhost:8080/
17 Nov 2021 - 17:41:30.800 [main] INFO  io.javalin.Javalin - Javalin started in 247ms \o/
17 Nov 2021 - 17:41:45.708 [qtp188576144-17] INFO  com.revature.app.Application - POST request received to the /clients/4/accountsendpoint
